#-----------------------------------------------------------
# Vivado v2020.1 (64-bit)
# SW Build 2902540 on Wed May 27 19:54:49 MDT 2020
# IP Build 2902112 on Wed May 27 22:43:36 MDT 2020
# Start of session at: Thu Feb 10 12:15:07 2022
# Process ID: 1868
# Current directory: D:/School/CalPoly/Undergrad/Engineering/Computer_Engineering/CPE233/MusicPlayer/233ChristmasMusicPlayer
# Command line: vivado.exe -gui_launcher_event rodinguilauncherevent28304 D:\School\CalPoly\Undergrad\Engineering\Computer_Engineering\CPE233\MusicPlayer\233ChristmasMusicPlayer\OTTER233.xpr
# Log file: D:/School/CalPoly/Undergrad/Engineering/Computer_Engineering/CPE233/MusicPlayer/233ChristmasMusicPlayer/vivado.log
# Journal file: D:/School/CalPoly/Undergrad/Engineering/Computer_Engineering/CPE233/MusicPlayer/233ChristmasMusicPlayer\vivado.jou
#-----------------------------------------------------------
start_gui
open_project D:/School/CalPoly/Undergrad/Engineering/Computer_Engineering/CPE233/MusicPlayer/233ChristmasMusicPlayer/OTTER233.xpr
INFO: [ProjectBase 1-489] The host OS only allows 260 characters in a normal path. The project is stored in a path with more than 80 characters. If you experience issues with IP, Block Designs, or files not being found, please consider moving the project to a location with a shorter path. Alternately consider using the OS subst command to map part of the path to a drive letter.
Current project path is 'D:/School/CalPoly/Undergrad/Engineering/Computer_Engineering/CPE233/MusicPlayer/233ChristmasMusicPlayer'
INFO: [Project 1-313] Project file moved from 'D:/School/CalPoly/Undergrad/Engineering/Computer_Engineering/CPE233/VIVADO/OTTER233' since last save.
WARNING: [Project 1-312] File not found as 'D:/School/CalPoly/Undergrad/Engineering/Computer_Engineering/CPE233/MusicPlayer/CPE233/CPE233.srcs/sources_1/new/ALU.sv'; using path 'D:/School/CalPoly/Undergrad/Engineering/Computer_Engineering/CPE233/VIVADO/CPE233/CPE233.srcs/sources_1/new/ALU.sv' instead.
WARNING: [Project 1-312] File not found as 'D:/School/CalPoly/Undergrad/Engineering/Computer_Engineering/CPE233/MusicPlayer/CPE233/CPE233.srcs/sources_1/new/BRANCH_ADDR_GEN.sv'; using path 'D:/School/CalPoly/Undergrad/Engineering/Computer_Engineering/CPE233/VIVADO/CPE233/CPE233.srcs/sources_1/new/BRANCH_ADDR_GEN.sv' instead.
WARNING: [Project 1-312] File not found as 'D:/School/CalPoly/Undergrad/Engineering/Computer_Engineering/CPE233/MusicPlayer/CPE233/CPE233.srcs/sources_1/new/BRANCH_COND_GEN.sv'; using path 'D:/School/CalPoly/Undergrad/Engineering/Computer_Engineering/CPE233/VIVADO/CPE233/CPE233.srcs/sources_1/new/BRANCH_COND_GEN.sv' instead.
WARNING: [Project 1-312] File not found as 'D:/School/CalPoly/Undergrad/Engineering/Computer_Engineering/CPE233/MusicPlayer/CPE233/CPE233.srcs/sources_1/new/CSR.sv'; using path 'D:/School/CalPoly/Undergrad/Engineering/Computer_Engineering/CPE233/VIVADO/CPE233/CPE233.srcs/sources_1/new/CSR.sv' instead.
WARNING: [Project 1-312] File not found as 'D:/School/CalPoly/Undergrad/Engineering/Computer_Engineering/CPE233/MusicPlayer/CPE233/CPE233.srcs/sources_1/new/CU_DCDR.sv'; using path 'D:/School/CalPoly/Undergrad/Engineering/Computer_Engineering/CPE233/VIVADO/CPE233/CPE233.srcs/sources_1/new/CU_DCDR.sv' instead.
WARNING: [Project 1-312] File not found as 'D:/School/CalPoly/Undergrad/Engineering/Computer_Engineering/CPE233/MusicPlayer/CPE233/CPE233.srcs/sources_1/new/CU_FSM.sv'; using path 'D:/School/CalPoly/Undergrad/Engineering/Computer_Engineering/CPE233/VIVADO/CPE233/CPE233.srcs/sources_1/new/CU_FSM.sv' instead.
WARNING: [Project 1-312] File not found as 'D:/School/CalPoly/Undergrad/Engineering/Computer_Engineering/CPE233/MusicPlayer/CPE233/CPE233.srcs/sources_1/new/Immed_Gen.sv'; using path 'D:/School/CalPoly/Undergrad/Engineering/Computer_Engineering/CPE233/VIVADO/CPE233/CPE233.srcs/sources_1/new/Immed_Gen.sv' instead.
WARNING: [Project 1-312] File not found as 'D:/School/CalPoly/Undergrad/Engineering/Computer_Engineering/CPE233/MusicPlayer/CPE233/CPE233.srcs/sources_1/new/OTTER_MCU.sv'; using path 'D:/School/CalPoly/Undergrad/Engineering/Computer_Engineering/CPE233/VIVADO/CPE233/CPE233.srcs/sources_1/new/OTTER_MCU.sv' instead.
WARNING: [Project 1-312] File not found as 'D:/School/CalPoly/Undergrad/Engineering/Computer_Engineering/CPE233/MusicPlayer/CPE233/CPE233.srcs/sources_1/new/PC.sv'; using path 'D:/School/CalPoly/Undergrad/Engineering/Computer_Engineering/CPE233/VIVADO/CPE233/CPE233.srcs/sources_1/new/PC.sv' instead.
WARNING: [Project 1-312] File not found as 'D:/School/CalPoly/Undergrad/Engineering/Computer_Engineering/CPE233/MusicPlayer/233ChristmasMusicPlayer/OTTER233.srcs/sources_1/new/RandGen.sv'; using path 'D:/School/CalPoly/Undergrad/Engineering/Computer_Engineering/CPE233/VIVADO/OTTER233/OTTER233.srcs/sources_1/new/RandGen.sv' instead.
WARNING: [Project 1-312] File not found as 'D:/School/CalPoly/Undergrad/Engineering/Computer_Engineering/CPE233/MusicPlayer/CPE233/CPE233.srcs/sources_1/new/Reg_File.sv'; using path 'D:/School/CalPoly/Undergrad/Engineering/Computer_Engineering/CPE233/VIVADO/CPE233/CPE233.srcs/sources_1/new/Reg_File.sv' instead.
WARNING: [Project 1-312] File not found as 'D:/School/CalPoly/Undergrad/Engineering/Computer_Engineering/CPE233/MusicPlayer/233ChristmasMusicPlayer/OTTER233.srcs/sources_1/new/SpeakerDriver.sv'; using path 'D:/School/CalPoly/Undergrad/Engineering/Computer_Engineering/CPE233/VIVADO/OTTER233/OTTER233.srcs/sources_1/new/SpeakerDriver.sv' instead.
WARNING: [Project 1-312] File not found as 'D:/School/CalPoly/Undergrad/Engineering/Computer_Engineering/CPE233/MusicPlayer/CPE233/CPE233.srcs/constrs_1/new/Constraints.xdc'; using path 'D:/School/CalPoly/Undergrad/Engineering/Computer_Engineering/CPE233/VIVADO/CPE233/CPE233.srcs/constrs_1/new/Constraints.xdc' instead.
WARNING: [Project 1-312] File not found as 'D:/School/CalPoly/Undergrad/Engineering/Computer_Engineering/CPE233/MusicPlayer/CPE233/CPE233.srcs/sim_1/new/OTTER_WRAPPER_SIM.sv'; using path 'D:/School/CalPoly/Undergrad/Engineering/Computer_Engineering/CPE233/VIVADO/CPE233/CPE233.srcs/sim_1/new/OTTER_WRAPPER_SIM.sv' instead.
CRITICAL WARNING: [Project 1-311] Could not find the file 'D:/School/CalPoly/Undergrad/Engineering/Computer_Engineering/CPE233/MusicPlayer/233ChristmasMusicPlayer/OTTER_WRAPPER_SIM_behav.wcfg', nor could it be found using path 'D:/School/CalPoly/Undergrad/Engineering/Computer_Engineering/CPE233/VIVADO/OTTER233/OTTER_WRAPPER_SIM_behav.wcfg'.
Scanning sources...
Finished scanning sources
WARNING: [Project 1-509] GeneratedRun file for 'synth_1' not found
WARNING: [Project 1-509] GeneratedRun file for 'impl_1' not found
INFO: [filemgmt 56-1] Default IP Output Path : Directory not found as 'D:/School/CalPoly/Undergrad/Engineering/Computer_Engineering/CPE233/MusicPlayer/233ChristmasMusicPlayer/OTTER233.srcs/sources_1'; using path 'D:/School/CalPoly/Undergrad/Engineering/Computer_Engineering/CPE233/VIVADO/OTTER233/OTTER233.srcs/sources_1' instead.
INFO: [filemgmt 56-1] IPUserFilesDir: Directory not found as 'D:/School/CalPoly/Undergrad/Engineering/Computer_Engineering/CPE233/MusicPlayer/233ChristmasMusicPlayer/OTTER233.ip_user_files'; using path 'D:/School/CalPoly/Undergrad/Engineering/Computer_Engineering/CPE233/VIVADO/OTTER233/OTTER233.ip_user_files' instead.
INFO: [IP_Flow 19-234] Refreshing IP repositories
INFO: [IP_Flow 19-1704] No user IP repositories specified
INFO: [IP_Flow 19-2313] Loaded Vivado IP repository 'D:/Installed_Files/Xilinx/Vivado/2020.1/data/ip'.
open_project: Time (s): cpu = 00:00:14 ; elapsed = 00:00:07 . Memory (MB): peak = 1036.656 ; gain = 0.000
update_compile_order -fileset sources_1
export_ip_user_files -of_objects  [get_files D:/School/CalPoly/Undergrad/Engineering/Computer_Engineering/CPE233/MusicPlayer/233ChristmasMusicPlayer/OTTER_WRAPPER_SIM_behav.wcfg] -no_script -reset -force -quiet
remove_files  -fileset sim_1 D:/School/CalPoly/Undergrad/Engineering/Computer_Engineering/CPE233/MusicPlayer/233ChristmasMusicPlayer/OTTER_WRAPPER_SIM_behav.wcfg
export_ip_user_files -of_objects  [get_files D:/School/CalPoly/Undergrad/Engineering/Computer_Engineering/CPE233/HW/FINAL/233FinalProject.mem] -no_script -reset -force -quiet
remove_files  D:/School/CalPoly/Undergrad/Engineering/Computer_Engineering/CPE233/HW/FINAL/233FinalProject.mem
add_files -norecurse D:/School/CalPoly/Undergrad/Engineering/Computer_Engineering/CPE233/MusicPlayer/233ChristmasMusicPlayer/233FinalProject.mem
exit
INFO: [Common 17-206] Exiting Vivado at Thu Feb 10 12:17:30 2022...
